<?xml version="1.0" encoding="UTF-8"?>
<testng-results ignored="0" total="1" passed="1" failed="0" skipped="0">
  <reporter-output>
  </reporter-output>
  <suite started-at="2024-12-12T20:04:59 IST" name="Suite" finished-at="2024-12-12T20:05:20 IST" duration-ms="21618">
    <groups>
    </groups>
    <test started-at="2024-12-12T20:04:59 IST" name="Test" finished-at="2024-12-12T20:05:20 IST" duration-ms="21618">
      <class name="loginhrm.password">
        <test-method signature="password()[pri:0, instance:loginhrm.password@636be97c]" started-at="2024-12-12T20:04:59 IST" name="password" finished-at="2024-12-12T20:05:20 IST" duration-ms="21582" status="PASS">
          <reporter-output>
          </reporter-output>
        </test-method> <!-- password -->
      </class> <!-- loginhrm.password -->
    </test> <!-- Test -->
  </suite> <!-- Suite -->
</testng-results>
